# configure exec: ./configure 
# On Mon 26 Feb 2018 22:48:37 GMT
DBG: ccenv: WITH_CC:  --version failed: mklove/modules/configure.base: line 1110: --version: command not found
DBG: Check ccenv (WITH_CC, action cont (originally cont)) failed: command ' --version' failed:
mklove/modules/configure.base: line 1110: --version: command not found
DBG: cxxenv: WITH_CXX:  --version failed: mklove/modules/configure.base: line 1110: --version: command not found
DBG: Check cxxenv (WITH_CXX, action cont (originally cont)) failed: command ' --version' failed:
mklove/modules/configure.base: line 1110: --version: command not found
DBG: Compile check cc_g_dwarf (): gcc   -Wall -Werror -gstrict-dwarf _mkltmp3RRwof.c -o _mkltmp3RRwof.c.o  
DBG: install: WITH_INSTALL: install --version failed: install: illegal option -- -
usage: install [-bCcpSsv] [-B suffix] [-f flags] [-g group] [-m mode]
               [-o owner] file1 file2
       install [-bCcpSsv] [-B suffix] [-f flags] [-g group] [-m mode]
               [-o owner] file1 ... fileN directory
       install -d [-v] [-g group] [-m mode] [-o owner] directory ...
DBG: Check install (WITH_INSTALL, action cont (originally cont)) failed: command 'install --version' failed:
install: illegal option -- -
usage: install [-bCcpSsv] [-B suffix] [-f flags] [-g group] [-m mode]
               [-o owner] file1 file2
       install [-bCcpSsv] [-B suffix] [-f flags] [-g group] [-m mode]
               [-o owner] file1 ... fileN directory
       install -d [-v] [-g group] [-m mode] [-o owner] directory ...
DBG: Compile check PIC (HAVE_PIC): gcc  -gstrict-dwarf -O2 -Wall -Werror -fPIC _mkltmp6nVKry.c -o _mkltmp6nVKry.c.o  
DBG: Compile check gnulib (WITH_GNULD): gcc  -gstrict-dwarf -O2 -fPIC -Wall -Werror -shared -Wl,-soname,mkltest.0 _mkltmp3LXkSd.c -o _mkltmp3LXkSd.c.o  
DBG: compile check for gnulib (WITH_GNULD) failed: gcc  -gstrict-dwarf -O2 -fPIC -Wall -Werror -shared -Wl,-soname,mkltest.0 _mkltmp3LXkSd.c -o _mkltmp3LXkSd.c.o  : ld: unknown option: -soname
clang: error: linker command failed with exit code 1 (use -v to see invocation)
DBG: Check gnulib (WITH_GNULD, action cont (originally cont)) failed: compile check failed:
CC: CC
flags: -shared -Wl,-soname,mkltest.0
gcc  -gstrict-dwarf -O2 -fPIC -Wall -Werror -shared -Wl,-soname,mkltest.0 _mkltmp3LXkSd.c -o _mkltmp3LXkSd.c.o  :
ld: unknown option: -soname
clang: error: linker command failed with exit code 1 (use -v to see invocation)
source: 
DBG: Compile check osxlib (WITH_OSXLD): gcc  -gstrict-dwarf -O2 -fPIC -Wall -Werror -dynamiclib -Wl,-install_name,/tmp/mkltest.so.0 _mkltmpC0g8DT.c -o _mkltmpC0g8DT.c.o  
DBG: Compile check ldsflagvs (): gcc  -gstrict-dwarf -O2 -fPIC -Wall -Werror -shared -Wl,--version-script=_mkltmpj7kNj0 _mkltmp2VbKj2.c -o _mkltmp2VbKj2.c.o  
DBG: compile check for ldsflagvs () failed: gcc  -gstrict-dwarf -O2 -fPIC -Wall -Werror -shared -Wl,--version-script=_mkltmpj7kNj0 _mkltmp2VbKj2.c -o _mkltmp2VbKj2.c.o  : ld: unknown option: --version-script=_mkltmpj7kNj0
clang: error: linker command failed with exit code 1 (use -v to see invocation)
DBG: Check ldsflagvs (, action cont (originally cont)) failed: compile check failed:
CC: CC
flags: -shared -Wl,--version-script=_mkltmpj7kNj0
gcc  -gstrict-dwarf -O2 -fPIC -Wall -Werror -shared -Wl,--version-script=_mkltmpj7kNj0 _mkltmp2VbKj2.c -o _mkltmp2VbKj2.c.o  :
ld: unknown option: --version-script=_mkltmpj7kNj0
clang: error: linker command failed with exit code 1 (use -v to see invocation)
source: 
DBG: Compile check ldsflagm (): gcc  -gstrict-dwarf -O2 -fPIC -Wall -Werror -shared -Wl,-M_mkltmpj7kNj0 _mkltmpnHmaHQ.c -o _mkltmpnHmaHQ.c.o  
DBG: compile check for ldsflagm () failed: gcc  -gstrict-dwarf -O2 -fPIC -Wall -Werror -shared -Wl,-M_mkltmpj7kNj0 _mkltmpnHmaHQ.c -o _mkltmpnHmaHQ.c.o  : ld: unknown option: -M_mkltmpj7kNj0
clang: error: linker command failed with exit code 1 (use -v to see invocation)
DBG: Check ldsflagm (, action ignore (originally ignore)) failed: compile check failed:
CC: CC
flags: -shared -Wl,-M_mkltmpj7kNj0
gcc  -gstrict-dwarf -O2 -fPIC -Wall -Werror -shared -Wl,-M_mkltmpj7kNj0 _mkltmpnHmaHQ.c -o _mkltmpnHmaHQ.c.o  :
ld: unknown option: -M_mkltmpj7kNj0
clang: error: linker command failed with exit code 1 (use -v to see invocation)
source: 
DBG: Compile check __atomic_32 (HAVE_ATOMICS_32): gcc  -gstrict-dwarf -O2 -fPIC -Wall -Werror  _mkltmpxDMC9A.c -o _mkltmpxDMC9A.c.o  
DBG: Compile check __atomic_64 (HAVE_ATOMICS_64): gcc  -gstrict-dwarf -O2 -fPIC -Wall -Werror  _mkltmp4l4blg.c -o _mkltmp4l4blg.c.o  
DBG: Compile check socket (): gcc  -gstrict-dwarf -O2 -fPIC -Wall -Wsign-compare -Wfloat-equal -Wpointer-arith -Wall -Werror  _mkltmpaqUcp9.c -o _mkltmpaqUcp9.c.o  
DBG: pkg-config check libpthread (): pkg-config --short-errors --cflags libpthread
DBG: 'pkg-config --short-errors --cflags libpthread' failed: No package 'libpthread' found
DBG: Check libpthread_PKGCONFIG (, action cont (originally cont)) failed: 'pkg-config --short-errors --cflags libpthread' failed:
No package 'libpthread' found
DBG: Compile check libpthread (): gcc  -gstrict-dwarf -O2 -fPIC -Wall -Wsign-compare -Wfloat-equal -Wpointer-arith -Wall -Werror -lpthread _mkltmpkuH9ZH.c -o _mkltmpkuH9ZH.c.o  
DBG: pkg-config check zlib (): pkg-config --short-errors --cflags zlib
DBG: Compile check zlib (WITH_ZLIB): gcc  -gstrict-dwarf -O2 -fPIC -Wall -Wsign-compare -Wfloat-equal -Wpointer-arith -Wall -Werror -lz _mkltmpHTyaL6.c -o _mkltmpHTyaL6.c.o  
DBG: pkg-config check libcrypto (): pkg-config --short-errors --cflags libcrypto
DBG: 'pkg-config --short-errors --cflags libcrypto' failed: No package 'libcrypto' found
DBG: Check libcrypto_PKGCONFIG (, action cont (originally cont)) failed: 'pkg-config --short-errors --cflags libcrypto' failed:
No package 'libcrypto' found
DBG: Compile check libcrypto (): gcc  -gstrict-dwarf -O2 -fPIC -Wall -Wsign-compare -Wfloat-equal -Wpointer-arith -Wall -Werror -lcrypto _mkltmp6xzesz.c -o _mkltmp6xzesz.c.o  
DBG: compile check for libcrypto () failed: gcc  -gstrict-dwarf -O2 -fPIC -Wall -Wsign-compare -Wfloat-equal -Wpointer-arith -Wall -Werror -lcrypto _mkltmp6xzesz.c -o _mkltmp6xzesz.c.o  : ld: library not found for -lcrypto
clang: error: linker command failed with exit code 1 (use -v to see invocation)
DBG: Check libcrypto (, action disable (originally disable)) failed: compile check failed:
CC: CC
flags: -lcrypto
gcc  -gstrict-dwarf -O2 -fPIC -Wall -Wsign-compare -Wfloat-equal -Wpointer-arith -Wall -Werror -lcrypto _mkltmp6xzesz.c -o _mkltmp6xzesz.c.o  :
ld: library not found for -lcrypto
clang: error: linker command failed with exit code 1 (use -v to see invocation)
source: 
DBG: pkg-config check liblz4 (): pkg-config --short-errors --cflags liblz4
DBG: 'pkg-config --short-errors --cflags liblz4' failed: No package 'liblz4' found
DBG: Check liblz4_PKGCONFIG (, action cont (originally cont)) failed: 'pkg-config --short-errors --cflags liblz4' failed:
No package 'liblz4' found
DBG: Compile check liblz4 (WITH_LZ4): gcc  -gstrict-dwarf -O2 -fPIC -Wall -Wsign-compare -Wfloat-equal -Wpointer-arith -Wall -Werror -llz4 _mkltmpRrV8MR.c -o _mkltmpRrV8MR.c.o  
DBG: compile check for liblz4 (WITH_LZ4) failed: gcc  -gstrict-dwarf -O2 -fPIC -Wall -Wsign-compare -Wfloat-equal -Wpointer-arith -Wall -Werror -llz4 _mkltmpRrV8MR.c -o _mkltmpRrV8MR.c.o  : _mkltmpRrV8MR.c:1:10: fatal error: 'lz4frame.h' file not found
#include <lz4frame.h>
         ^~~~~~~~~~~~
1 error generated.
DBG: Check liblz4 (WITH_LZ4, action disable (originally disable)) failed: compile check failed:
CC: CC
flags: -llz4
gcc  -gstrict-dwarf -O2 -fPIC -Wall -Wsign-compare -Wfloat-equal -Wpointer-arith -Wall -Werror -llz4 _mkltmpRrV8MR.c -o _mkltmpRrV8MR.c.o  :
_mkltmpRrV8MR.c:1:10: fatal error: 'lz4frame.h' file not found
#include <lz4frame.h>
         ^~~~~~~~~~~~
1 error generated.
source: #include <lz4frame.h>
DBG: pkg-config check libssl (): pkg-config --short-errors --cflags libssl
DBG: 'pkg-config --short-errors --cflags libssl' failed: No package 'libssl' found
DBG: Check libssl_PKGCONFIG (, action cont (originally cont)) failed: 'pkg-config --short-errors --cflags libssl' failed:
No package 'libssl' found
DBG: Compile check libssl (WITH_SSL): gcc  -gstrict-dwarf -O2 -fPIC -Wall -Wsign-compare -Wfloat-equal -Wpointer-arith -Wall -Werror -lssl _mkltmpDNI6Nq.c -o _mkltmpDNI6Nq.c.o  
DBG: compile check for libssl (WITH_SSL) failed: gcc  -gstrict-dwarf -O2 -fPIC -Wall -Wsign-compare -Wfloat-equal -Wpointer-arith -Wall -Werror -lssl _mkltmpDNI6Nq.c -o _mkltmpDNI6Nq.c.o  : _mkltmpDNI6Nq.c:1:10: fatal error: 'openssl/ssl.h' file not found
#include <openssl/ssl.h>
         ^~~~~~~~~~~~~~~
1 error generated.
DBG: Check libssl (WITH_SSL, action disable (originally disable)) failed: compile check failed:
CC: CC
flags: -lssl
gcc  -gstrict-dwarf -O2 -fPIC -Wall -Wsign-compare -Wfloat-equal -Wpointer-arith -Wall -Werror -lssl _mkltmpDNI6Nq.c -o _mkltmpDNI6Nq.c.o  :
_mkltmpDNI6Nq.c:1:10: fatal error: 'openssl/ssl.h' file not found
#include <openssl/ssl.h>
         ^~~~~~~~~~~~~~~
1 error generated.
source: #include <openssl/ssl.h>
DBG: pkg-config check libsasl2 (): pkg-config --short-errors --cflags libsasl2
DBG: 'pkg-config --short-errors --cflags libsasl2' failed: No package 'libsasl2' found
DBG: Check libsasl2_PKGCONFIG (, action cont (originally cont)) failed: 'pkg-config --short-errors --cflags libsasl2' failed:
No package 'libsasl2' found
DBG: Compile check libsasl2 (WITH_SASL): gcc  -gstrict-dwarf -O2 -fPIC -Wall -Wsign-compare -Wfloat-equal -Wpointer-arith -Wall -Werror -lsasl2 _mkltmp6sbcrq.c -o _mkltmp6sbcrq.c.o  
DBG: Compile check regex (HAVE_REGEX): gcc  -gstrict-dwarf -O2 -fPIC -Wall -Wsign-compare -Wfloat-equal -Wpointer-arith -Wall -Werror  _mkltmpu5M1bB.c -o _mkltmpu5M1bB.c.o  
DBG: pkg-config check librt (): pkg-config --short-errors --cflags librt
DBG: 'pkg-config --short-errors --cflags librt' failed: No package 'librt' found
DBG: Check librt_PKGCONFIG (, action cont (originally cont)) failed: 'pkg-config --short-errors --cflags librt' failed:
No package 'librt' found
DBG: Compile check librt (): gcc  -gstrict-dwarf -O2 -fPIC -Wall -Wsign-compare -Wfloat-equal -Wpointer-arith -Wall -Werror -lrt _mkltmpN4aooA.c -o _mkltmpN4aooA.c.o  
DBG: compile check for librt () failed: gcc  -gstrict-dwarf -O2 -fPIC -Wall -Wsign-compare -Wfloat-equal -Wpointer-arith -Wall -Werror -lrt _mkltmpN4aooA.c -o _mkltmpN4aooA.c.o  : ld: library not found for -lrt
clang: error: linker command failed with exit code 1 (use -v to see invocation)
DBG: Check librt (, action cont (originally cont)) failed: compile check failed:
CC: CC
flags: -lrt
gcc  -gstrict-dwarf -O2 -fPIC -Wall -Wsign-compare -Wfloat-equal -Wpointer-arith -Wall -Werror -lrt _mkltmpN4aooA.c -o _mkltmpN4aooA.c.o  :
ld: library not found for -lrt
clang: error: linker command failed with exit code 1 (use -v to see invocation)
source: 
DBG: Compile check strndup (HAVE_STRNDUP): gcc  -gstrict-dwarf -O2 -fPIC -Wall -Wsign-compare -Wfloat-equal -Wpointer-arith -Wall -Werror  _mkltmpyFgAB4.c -o _mkltmpyFgAB4.c.o  
